# JRE version: Java(TM) SE Runtime Environment (8.0_202-b08) (build 1.8.0_202-b08)
# Java VM: Java HotSpot(TM) 64-Bit Server VM (25.202-b08 mixed mode windows-amd64 compressed oops)
Heap:
 PSYoungGen      total 140800K, used 116103K [0x000000076b580000, 0x0000000774980000, 0x00000007c0000000)
  eden space 130048K, 82% used [0x000000076b580000,0x0000000771dce7b8,0x0000000773480000)
  from space 10752K, 86% used [0x0000000773f00000,0x0000000774813570,0x0000000774980000)
  to   space 10752K, 0% used [0x0000000773480000,0x0000000773480000,0x0000000773f00000)
 ParOldGen       total 97280K, used 18409K [0x00000006c2000000, 0x00000006c7f00000, 0x000000076b580000)
  object space 97280K, 18% used [0x00000006c2000000,0x00000006c31fa6d8,0x00000006c7f00000)
 Metaspace       used 45349K, capacity 47204K, committed 47320K, reserved 1089536K
  class space    used 6045K, capacity 6384K, committed 6400K, reserved 1048576K
GC Heap History (10 events):
Event: 2.123 GC heap before
{Heap before GC invocations=6 (full 1):
 PSYoungGen      total 140800K, used 130048K [0x000000076b580000, 0x0000000774980000, 0x00000007c0000000)
  eden space 130048K, 100% used [0x000000076b580000,0x0000000773480000,0x0000000773480000)
  from space 10752K, 0% used [0x0000000773f00000,0x0000000773f00000,0x0000000774980000)
  to   space 10752K, 0% used [0x0000000773480000,0x0000000773480000,0x0000000773f00000)
 ParOldGen       total 97280K, used 7285K [0x00000006c2000000, 0x00000006c7f00000, 0x000000076b580000)
  object space 97280K, 7% used [0x00000006c2000000,0x00000006c271d7a0,0x00000006c7f00000)
 Metaspace       used 26065K, capacity 26920K, committed 27136K, reserved 1073152K
  class space    used 3370K, capacity 3580K, committed 3584K, reserved 1048576K
Event: 2.132 GC heap after
Heap after GC invocations=6 (full 1):
 PSYoungGen      total 140800K, used 10725K [0x000000076b580000, 0x0000000774980000, 0x00000007c0000000)
  eden space 130048K, 0% used [0x000000076b580000,0x000000076b580000,0x0000000773480000)
  from space 10752K, 99% used [0x0000000773480000,0x0000000773ef9790,0x0000000773f00000)
  to   space 10752K, 0% used [0x0000000773f00000,0x0000000773f00000,0x0000000774980000)
 ParOldGen       total 97280K, used 8286K [0x00000006c2000000, 0x00000006c7f00000, 0x000000076b580000)
  object space 97280K, 8% used [0x00000006c2000000,0x00000006c2817a20,0x00000006c7f00000)
 Metaspace       used 26065K, capacity 26920K, committed 27136K, reserved 1073152K
  class space    used 3370K, capacity 3580K, committed 3584K, reserved 1048576K
}
Event: 2.743 GC heap before
{Heap before GC invocations=7 (full 1):
 PSYoungGen      total 140800K, used 140773K [0x000000076b580000, 0x0000000774980000, 0x00000007c0000000)
  eden space 130048K, 100% used [0x000000076b580000,0x0000000773480000,0x0000000773480000)
  from space 10752K, 99% used [0x0000000773480000,0x0000000773ef9790,0x0000000773f00000)
  to   space 10752K, 0% used [0x0000000773f00000,0x0000000773f00000,0x0000000774980000)
 ParOldGen       total 97280K, used 8286K [0x00000006c2000000, 0x00000006c7f00000, 0x000000076b580000)
  object space 97280K, 8% used [0x00000006c2000000,0x00000006c2817a20,0x00000006c7f00000)
 Metaspace       used 30226K, capacity 31330K, committed 31616K, reserved 1077248K
  class space    used 3954K, capacity 4205K, committed 4224K, reserved 1048576K
Event: 2.749 GC heap after
Heap after GC invocations=7 (full 1):
 PSYoungGen      total 140800K, used 10731K [0x000000076b580000, 0x0000000774980000, 0x00000007c0000000)
  eden space 130048K, 0% used [0x000000076b580000,0x000000076b580000,0x0000000773480000)
  from space 10752K, 99% used [0x0000000773f00000,0x000000077497ae98,0x0000000774980000)
  to   space 10752K, 0% used [0x0000000773480000,0x0000000773480000,0x0000000773f00000)
 ParOldGen       total 97280K, used 10669K [0x00000006c2000000, 0x00000006c7f00000, 0x000000076b580000)
  object space 97280K, 10% used [0x00000006c2000000,0x00000006c2a6b428,0x00000006c7f00000)
 Metaspace       used 30226K, capacity 31330K, committed 31616K, reserved 1077248K
  class space    used 3954K, capacity 4205K, committed 4224K, reserved 1048576K
}
Event: 3.269 GC heap before
{Heap before GC invocations=8 (full 1):
 PSYoungGen      total 140800K, used 82324K [0x000000076b580000, 0x0000000774980000, 0x00000007c0000000)
  eden space 130048K, 55% used [0x000000076b580000,0x000000076fb6a3e0,0x0000000773480000)
  from space 10752K, 99% used [0x0000000773f00000,0x000000077497ae98,0x0000000774980000)
  to   space 10752K, 0% used [0x0000000773480000,0x0000000773480000,0x0000000773f00000)
 ParOldGen       total 97280K, used 10669K [0x00000006c2000000, 0x00000006c7f00000, 0x000000076b580000)
  object space 97280K, 10% used [0x00000006c2000000,0x00000006c2a6b428,0x00000006c7f00000)
 Metaspace       used 33586K, capacity 35206K, committed 35416K, reserved 1079296K
  class space    used 4412K, capacity 4715K, committed 4736K, reserved 1048576K
Event: 3.275 GC heap after
Heap after GC invocations=8 (full 1):
 PSYoungGen      total 140800K, used 10740K [0x000000076b580000, 0x0000000774980000, 0x00000007c0000000)
  eden space 130048K, 0% used [0x000000076b580000,0x000000076b580000,0x0000000773480000)
  from space 10752K, 99% used [0x0000000773480000,0x0000000773efd348,0x0000000773f00000)
  to   space 10752K, 0% used [0x0000000773f00000,0x0000000773f00000,0x0000000774980000)
 ParOldGen       total 97280K, used 13466K [0x00000006c2000000, 0x00000006c7f00000, 0x000000076b580000)
  object space 97280K, 13% used [0x00000006c2000000,0x00000006c2d26928,0x00000006c7f00000)
 Metaspace       used 33586K, capacity 35206K, committed 35416K, reserved 1079296K
  class space    used 4412K, capacity 4715K, committed 4736K, reserved 1048576K
}
Event: 3.275 GC heap before
{Heap before GC invocations=9 (full 2):
 PSYoungGen      total 140800K, used 10740K [0x000000076b580000, 0x0000000774980000, 0x00000007c0000000)
  eden space 130048K, 0% used [0x000000076b580000,0x000000076b580000,0x0000000773480000)
  from space 10752K, 99% used [0x0000000773480000,0x0000000773efd348,0x0000000773f00000)
  to   space 10752K, 0% used [0x0000000773f00000,0x0000000773f00000,0x0000000774980000)
 ParOldGen       total 97280K, used 13466K [0x00000006c2000000, 0x00000006c7f00000, 0x000000076b580000)
  object space 97280K, 13% used [0x00000006c2000000,0x00000006c2d26928,0x00000006c7f00000)
 Metaspace       used 33586K, capacity 35206K, committed 35416K, reserved 1079296K
  class space    used 4412K, capacity 4715K, committed 4736K, reserved 1048576K
Event: 3.311 GC heap after
Heap after GC invocations=9 (full 2):
 PSYoungGen      total 140800K, used 0K [0x000000076b580000, 0x0000000774980000, 0x00000007c0000000)
  eden space 130048K, 0% used [0x000000076b580000,0x000000076b580000,0x0000000773480000)
  from space 10752K, 0% used [0x0000000773480000,0x0000000773480000,0x0000000773f00000)
  to   space 10752K, 0% used [0x0000000773f00000,0x0000000773f00000,0x0000000774980000)
 ParOldGen       total 97280K, used 18401K [0x00000006c2000000, 0x00000006c7f00000, 0x000000076b580000)
  object space 97280K, 18% used [0x00000006c2000000,0x00000006c31f86d8,0x00000006c7f00000)
 Metaspace       used 33586K, capacity 35206K, committed 35416K, reserved 1079296K
  class space    used 4412K, capacity 4715K, committed 4736K, reserved 1048576K
}
Event: 3.758 GC heap before
{Heap before GC invocations=10 (full 2):
 PSYoungGen      total 140800K, used 130048K [0x000000076b580000, 0x0000000774980000, 0x00000007c0000000)
  eden space 130048K, 100% used [0x000000076b580000,0x0000000773480000,0x0000000773480000)
  from space 10752K, 0% used [0x0000000773480000,0x0000000773480000,0x0000000773f00000)
  to   space 10752K, 0% used [0x0000000773f00000,0x0000000773f00000,0x0000000774980000)
 ParOldGen       total 97280K, used 18401K [0x00000006c2000000, 0x00000006c7f00000, 0x000000076b580000)
  object space 97280K, 18% used [0x00000006c2000000,0x00000006c31f86d8,0x00000006c7f00000)
 Metaspace       used 37385K, capacity 39118K, committed 39512K, reserved 1083392K
  class space    used 4861K, capacity 5175K, committed 5248K, reserved 1048576K
Event: 3.762 GC heap after
Heap after GC invocations=10 (full 2):
 PSYoungGen      total 140800K, used 9293K [0x000000076b580000, 0x0000000774980000, 0x00000007c0000000)
  eden space 130048K, 0% used [0x000000076b580000,0x000000076b580000,0x0000000773480000)
  from space 10752K, 86% used [0x0000000773f00000,0x0000000774813570,0x0000000774980000)
  to   space 10752K, 0% used [0x0000000773480000,0x0000000773480000,0x0000000773f00000)
 ParOldGen       total 97280K, used 18409K [0x00000006c2000000, 0x00000006c7f00000, 0x000000076b580000)
  object space 97280K, 18% used [0x00000006c2000000,0x00000006c31fa6d8,0x00000006c7f00000)
 Metaspace       used 37385K, capacity 39118K, committed 39512K, reserved 1083392K
  class space    used 4861K, capacity 5175K, committed 5248K, reserved 1048576K
}

